# JRE version: OpenJDK Runtime Environment (8.0_242-b01) (build 1.8.0_242-release-1644-b01)
# Java VM: OpenJDK 64-Bit Server VM (25.242-b01 mixed mode windows-amd64 compressed oops)
Heap:
 PSYoungGen      total 628736K, used 29616K [0x00000000d5580000, 0x0000000100000000, 0x0000000100000000)
  eden space 564736K, 0% used [0x00000000d5580000,0x00000000d59e3380,0x00000000f7d00000)
  from space 64000K, 39% used [0x00000000f7d00000,0x00000000f9588ee0,0x00000000fbb80000)
  to   space 62976K, 0% used [0x00000000fc280000,0x00000000fc280000,0x0000000100000000)
 ParOldGen       total 185344K, used 113567K [0x0000000080000000, 0x000000008b500000, 0x00000000d5580000)
  object space 185344K, 61% used [0x0000000080000000,0x0000000086ee7d98,0x000000008b500000)
 Metaspace       used 171491K, capacity 179718K, committed 180224K, reserved 1206272K
  class space    used 21715K, capacity 23243K, committed 23552K, reserved 1048576K
GC Heap History (10 events):
Event: 10059.988 GC heap before
{Heap before GC invocations=49 (full 6):
 PSYoungGen      total 614912K, used 581987K [0x00000000d5580000, 0x00000000ff800000, 0x0000000100000000)
  eden space 547328K, 100% used [0x00000000d5580000,0x00000000f6c00000,0x00000000f6c00000)
  from space 67584K, 51% used [0x00000000fb600000,0x00000000fd7d8f58,0x00000000ff800000)
  to   space 71680K, 0% used [0x00000000f6c00000,0x00000000f6c00000,0x00000000fb200000)
 ParOldGen       total 185344K, used 113543K [0x0000000080000000, 0x000000008b500000, 0x00000000d5580000)
  object space 185344K, 61% used [0x0000000080000000,0x0000000086ee1d98,0x000000008b500000)
 Metaspace       used 168607K, capacity 176344K, committed 177408K, reserved 1204224K
  class space    used 21317K, capacity 22758K, committed 23040K, reserved 1048576K
Event: 10060.150 GC heap after
Heap after GC invocations=49 (full 6):
 PSYoungGen      total 619008K, used 34074K [0x00000000d5580000, 0x00000000fff00000, 0x0000000100000000)
  eden space 547328K, 0% used [0x00000000d5580000,0x00000000d5580000,0x00000000f6c00000)
  from space 71680K, 47% used [0x00000000f6c00000,0x00000000f8d46bb0,0x00000000fb200000)
  to   space 69120K, 0% used [0x00000000fbb80000,0x00000000fbb80000,0x00000000fff00000)
 ParOldGen       total 185344K, used 113543K [0x0000000080000000, 0x000000008b500000, 0x00000000d5580000)
  object space 185344K, 61% used [0x0000000080000000,0x0000000086ee1d98,0x000000008b500000)
 Metaspace       used 168607K, capacity 176344K, committed 177408K, reserved 1204224K
  class space    used 21317K, capacity 22758K, committed 23040K, reserved 1048576K
}
Event: 10064.604 GC heap before
{Heap before GC invocations=50 (full 6):
 PSYoungGen      total 619008K, used 581402K [0x00000000d5580000, 0x00000000fff00000, 0x0000000100000000)
  eden space 547328K, 100% used [0x00000000d5580000,0x00000000f6c00000,0x00000000f6c00000)
  from space 71680K, 47% used [0x00000000f6c00000,0x00000000f8d46bb0,0x00000000fb200000)
  to   space 69120K, 0% used [0x00000000fbb80000,0x00000000fbb80000,0x00000000fff00000)
 ParOldGen       total 185344K, used 113543K [0x0000000080000000, 0x000000008b500000, 0x00000000d5580000)
  object space 185344K, 61% used [0x0000000080000000,0x0000000086ee1d98,0x000000008b500000)
 Metaspace       used 168634K, capacity 176350K, committed 177408K, reserved 1204224K
  class space    used 21319K, capacity 22759K, committed 23040K, reserved 1048576K
Event: 10064.689 GC heap after
Heap after GC invocations=50 (full 6):
 PSYoungGen      total 623616K, used 23105K [0x00000000d5580000, 0x00000000ffb80000, 0x0000000100000000)
  eden space 558080K, 0% used [0x00000000d5580000,0x00000000d5580000,0x00000000f7680000)
  from space 65536K, 35% used [0x00000000fbb80000,0x00000000fd2106a0,0x00000000ffb80000)
  to   space 68096K, 0% used [0x00000000f7680000,0x00000000f7680000,0x00000000fb900000)
 ParOldGen       total 185344K, used 113543K [0x0000000080000000, 0x000000008b500000, 0x00000000d5580000)
  object space 185344K, 61% used [0x0000000080000000,0x0000000086ee1d98,0x000000008b500000)
 Metaspace       used 168634K, capacity 176350K, committed 177408K, reserved 1204224K
  class space    used 21319K, capacity 22759K, committed 23040K, reserved 1048576K
}
Event: 10069.326 GC heap before
{Heap before GC invocations=51 (full 6):
 PSYoungGen      total 623616K, used 581185K [0x00000000d5580000, 0x00000000ffb80000, 0x0000000100000000)
  eden space 558080K, 100% used [0x00000000d5580000,0x00000000f7680000,0x00000000f7680000)
  from space 65536K, 35% used [0x00000000fbb80000,0x00000000fd2106a0,0x00000000ffb80000)
  to   space 68096K, 0% used [0x00000000f7680000,0x00000000f7680000,0x00000000fb900000)
 ParOldGen       total 185344K, used 113543K [0x0000000080000000, 0x000000008b500000, 0x00000000d5580000)
  object space 185344K, 61% used [0x0000000080000000,0x0000000086ee1d98,0x000000008b500000)
 Metaspace       used 168666K, capacity 176368K, committed 177408K, reserved 1204224K
  class space    used 21320K, capacity 22760K, committed 23040K, reserved 1048576K
Event: 10069.421 GC heap after
Heap after GC invocations=51 (full 6):
 PSYoungGen      total 626176K, used 29974K [0x00000000d5580000, 0x00000000ffe80000, 0x0000000100000000)
  eden space 558080K, 0% used [0x00000000d5580000,0x00000000d5580000,0x00000000f7680000)
  from space 68096K, 44% used [0x00000000f7680000,0x00000000f93c5808,0x00000000fb900000)
  to   space 66048K, 0% used [0x00000000fbe00000,0x00000000fbe00000,0x00000000ffe80000)
 ParOldGen       total 185344K, used 113551K [0x0000000080000000, 0x000000008b500000, 0x00000000d5580000)
  object space 185344K, 61% used [0x0000000080000000,0x0000000086ee3d98,0x000000008b500000)
 Metaspace       used 168666K, capacity 176368K, committed 177408K, reserved 1204224K
  class space    used 21320K, capacity 22760K, committed 23040K, reserved 1048576K
}
Event: 10076.418 GC heap before
{Heap before GC invocations=52 (full 6):
 PSYoungGen      total 626176K, used 588054K [0x00000000d5580000, 0x00000000ffe80000, 0x0000000100000000)
  eden space 558080K, 100% used [0x00000000d5580000,0x00000000f7680000,0x00000000f7680000)
  from space 68096K, 44% used [0x00000000f7680000,0x00000000f93c5808,0x00000000fb900000)
  to   space 66048K, 0% used [0x00000000fbe00000,0x00000000fbe00000,0x00000000ffe80000)
 ParOldGen       total 185344K, used 113551K [0x0000000080000000, 0x000000008b500000, 0x00000000d5580000)
  object space 185344K, 61% used [0x0000000080000000,0x0000000086ee3d98,0x000000008b500000)
 Metaspace       used 169523K, capacity 177330K, committed 178304K, reserved 1204224K
  class space    used 21430K, capacity 22877K, committed 23168K, reserved 1048576K
Event: 10076.483 GC heap after
Heap after GC invocations=52 (full 6):
 PSYoungGen      total 626176K, used 29050K [0x00000000d5580000, 0x00000000ffa00000, 0x0000000100000000)
  eden space 564736K, 0% used [0x00000000d5580000,0x00000000d5580000,0x00000000f7d00000)
  from space 61440K, 47% used [0x00000000fbe00000,0x00000000fda5e800,0x00000000ffa00000)
  to   space 64000K, 0% used [0x00000000f7d00000,0x00000000f7d00000,0x00000000fbb80000)
 ParOldGen       total 185344K, used 113559K [0x0000000080000000, 0x000000008b500000, 0x00000000d5580000)
  object space 185344K, 61% used [0x0000000080000000,0x0000000086ee5d98,0x000000008b500000)
 Metaspace       used 169523K, capacity 177330K, committed 178304K, reserved 1204224K
  class space    used 21430K, capacity 22877K, committed 23168K, reserved 1048576K
}
Event: 12185.633 GC heap before
{Heap before GC invocations=53 (full 6):
 PSYoungGen      total 626176K, used 593786K [0x00000000d5580000, 0x00000000ffa00000, 0x0000000100000000)
  eden space 564736K, 100% used [0x00000000d5580000,0x00000000f7d00000,0x00000000f7d00000)
  from space 61440K, 47% used [0x00000000fbe00000,0x00000000fda5e800,0x00000000ffa00000)
  to   space 64000K, 0% used [0x00000000f7d00000,0x00000000f7d00000,0x00000000fbb80000)
 ParOldGen       total 185344K, used 113559K [0x0000000080000000, 0x000000008b500000, 0x00000000d5580000)
  object space 185344K, 61% used [0x0000000080000000,0x0000000086ee5d98,0x000000008b500000)
 Metaspace       used 171489K, capacity 179718K, committed 180224K, reserved 1206272K
  class space    used 21715K, capacity 23243K, committed 23552K, reserved 1048576K
Event: 12186.467 GC heap after
Heap after GC invocations=53 (full 6):
 PSYoungGen      total 628736K, used 25123K [0x00000000d5580000, 0x0000000100000000, 0x0000000100000000)
  eden space 564736K, 0% used [0x00000000d5580000,0x00000000d5580000,0x00000000f7d00000)
  from space 64000K, 39% used [0x00000000f7d00000,0x00000000f9588ee0,0x00000000fbb80000)
  to   space 62976K, 0% used [0x00000000fc280000,0x00000000fc280000,0x0000000100000000)
 ParOldGen       total 185344K, used 113567K [0x0000000080000000, 0x000000008b500000, 0x00000000d5580000)
  object space 185344K, 61% used [0x0000000080000000,0x0000000086ee7d98,0x000000008b500000)
 Metaspace       used 171489K, capacity 179718K, committed 180224K, reserved 1206272K
  class space    used 21715K, capacity 23243K, committed 23552K, reserved 1048576K
}

